<?xml version="1.0" encoding="UTF-8"?>
<!-- Generated by org.testng.reporters.JUnitReportReporter -->
<testsuite hostname="LTIN293721" failures="0" tests="2" name="testCases.TC_03LanguageLearning" time="377.077" errors="0" timestamp="2024-02-15T12:33:57 IST" skipped="0">
  <testcase classname="testCases.TC_03LanguageLearning" name="search_Language" time="10.991"/>
  <testcase classname="testCases.TC_03LanguageLearning" name="show_FiveCourses" time="366.086"/>
</testsuite> <!-- testCases.TC_03LanguageLearning -->
