<?xml version="1.0" encoding="UTF-8"?>
<!-- Generated by org.testng.reporters.JUnitReportReporter -->
<testsuite hostname="LTIN293721" failures="0" tests="4" name="testCases.TC_04FormFilling" time="25.947" errors="0" timestamp="2024-02-15T12:33:57 IST" skipped="0">
  <testcase classname="testCases.TC_04FormFilling" name="Enterprise" time="9.790"/>
  <testcase classname="testCases.TC_04FormFilling" name="form" time="4.848"/>
  <testcase classname="testCases.TC_04FormFilling" name="startfillingform" time="9.197"/>
  <testcase classname="testCases.TC_04FormFilling" name="messageDisplay" time="2.112"/>
</testsuite> <!-- testCases.TC_04FormFilling -->
