<?xml version="1.0" encoding="UTF-8"?>
<!-- Generated by org.testng.reporters.JUnitReportReporter -->
<testsuite hostname="LTIN293721" failures="0" tests="6" name="testCases.TC_02Webdevelopment" time="11.636" errors="0" timestamp="2024-02-15T12:33:57 IST" skipped="0">
  <testcase classname="testCases.TC_02Webdevelopment" name="course_search" time="6.341"/>
  <testcase classname="testCases.TC_02Webdevelopment" name="level_select" time="1.842"/>
  <testcase classname="testCases.TC_02Webdevelopment" name="language_select" time="0.628"/>
  <testcase classname="testCases.TC_02Webdevelopment" name="ScrolluptoSearch" time="0.024"/>
  <testcase classname="testCases.TC_02Webdevelopment" name="firstcourseselect" time="2.222"/>
  <testcase classname="testCases.TC_02Webdevelopment" name="secondcourseselect" time="0.579"/>
</testsuite> <!-- testCases.TC_02Webdevelopment -->
