<?xml version="1.0" encoding="UTF-8"?>
<!-- Generated by org.testng.reporters.JUnitReportReporter -->
<testsuite hostname="LTIN293721" failures="0" tests="2" name="testCases.TC_01CourseraPage" time="1.201" errors="0" timestamp="2024-02-15T12:33:57 IST" skipped="0">
  <testcase classname="testCases.TC_01CourseraPage" name="surveyvisibility" time="0.810"/>
  <testcase classname="testCases.TC_01CourseraPage" name="TitleVerification" time="0.391"/>
</testsuite> <!-- testCases.TC_01CourseraPage -->
